<?xml version="1.0" encoding="UTF-8"?>
<!-- Generated by org.testng.reporters.JUnitXMLReporter -->
<testsuite ignored="0" hostname="LAPTOP-NASCGQ94" failures="0" tests="4" name="Test" time="41.978" errors="0" timestamp="13 Mar. 2022 03:52:10 GMT">
  <testcase classname="testcases.LoginTest" name="ExternalDataTest" time="5.936"/>
  <testcase classname="testcases.LoginTest" name="LoginFailureTest" time="6.048"/>
  <testcase classname="testcases.LoginTest" name="LoginSuccessTest" time="9.653"/>
  <testcase classname="testcases.LoginTest" name="ParameterizedTest" time="5.393"/>
</testsuite> <!-- Test -->
