<?xml version="1.0" encoding="UTF-8"?>
<!-- Generated by org.testng.reporters.JUnitXMLReporter -->
<testsuite ignored="0" hostname="LAPTOP-NASCGQ94" failures="0" tests="4" name="Test" time="48.539" errors="0" timestamp="19 Mar. 2022 04:12:24 GMT">
  <testcase classname="testcases.LoginTest" name="ExternalDataTest" time="6.61"/>
  <testcase classname="testcases.LoginTest" name="LoginFailureTest" time="6.052"/>
  <testcase classname="testcases.LoginTest" name="LoginSuccessTest" time="12.038"/>
  <testcase classname="testcases.LoginTest" name="ParameterizedTest" time="6.574"/>
</testsuite> <!-- Test -->
