<?xml version="1.0" encoding="UTF-8"?>
<testng-results ignored="0" total="4" passed="4" failed="0" skipped="0">
  <reporter-output>
  </reporter-output>
  <suite started-at="2022-03-19T04:11:35Z" name="Suite" finished-at="2022-03-19T04:12:24Z" duration-ms="48539">
    <groups>
    </groups>
    <test started-at="2022-03-19T04:11:35Z" name="Test" finished-at="2022-03-19T04:12:24Z" duration-ms="48539">
      <class name="testcases.LoginTest">
        <test-method is-config="true" signature="DataSetUp()[pri:0, instance:testcases.LoginTest@5170bcf4]" started-at="2022-03-19T04:11:35Z" name="DataSetUp" finished-at="2022-03-19T04:11:37Z" duration-ms="1482" status="PASS">
          <reporter-output>
          </reporter-output>
        </test-method> <!-- DataSetUp -->
        <test-method is-config="true" signature="Setup(java.lang.reflect.Method)[pri:0, instance:testcases.LoginTest@5170bcf4]" started-at="2022-03-19T04:11:37Z" name="Setup" finished-at="2022-03-19T04:11:42Z" duration-ms="4698" status="PASS">
          <params>
            <param index="0">
              <value>
                <![CDATA[public void testcases.LoginTest.ExternalDataTest()]]>
              </value>
            </param>
          </params>
          <reporter-output>
          </reporter-output>
        </test-method> <!-- Setup -->
        <test-method signature="ExternalDataTest()[pri:0, instance:testcases.LoginTest@5170bcf4]" started-at="2022-03-19T04:11:42Z" name="ExternalDataTest" finished-at="2022-03-19T04:11:48Z" duration-ms="6610" status="PASS">
          <reporter-output>
          </reporter-output>
        </test-method> <!-- ExternalDataTest -->
        <test-method is-config="true" signature="TearDown()[pri:0, instance:testcases.LoginTest@5170bcf4]" started-at="2022-03-19T04:11:48Z" name="TearDown" finished-at="2022-03-19T04:11:48Z" duration-ms="95" status="PASS">
          <reporter-output>
          </reporter-output>
        </test-method> <!-- TearDown -->
        <test-method is-config="true" signature="Setup(java.lang.reflect.Method)[pri:0, instance:testcases.LoginTest@5170bcf4]" started-at="2022-03-19T04:11:48Z" name="Setup" finished-at="2022-03-19T04:11:52Z" duration-ms="3430" status="PASS">
          <params>
            <param index="0">
              <value>
                <![CDATA[public void testcases.LoginTest.LoginFailureTest()]]>
              </value>
            </param>
          </params>
          <reporter-output>
          </reporter-output>
        </test-method> <!-- Setup -->
        <test-method signature="LoginFailureTest()[pri:0, instance:testcases.LoginTest@5170bcf4]" started-at="2022-03-19T04:11:52Z" name="LoginFailureTest" finished-at="2022-03-19T04:11:58Z" duration-ms="6052" status="PASS">
          <reporter-output>
          </reporter-output>
        </test-method> <!-- LoginFailureTest -->
        <test-method is-config="true" signature="TearDown()[pri:0, instance:testcases.LoginTest@5170bcf4]" started-at="2022-03-19T04:11:58Z" name="TearDown" finished-at="2022-03-19T04:11:58Z" duration-ms="83" status="PASS">
          <reporter-output>
          </reporter-output>
        </test-method> <!-- TearDown -->
        <test-method is-config="true" signature="Setup(java.lang.reflect.Method)[pri:0, instance:testcases.LoginTest@5170bcf4]" started-at="2022-03-19T04:11:58Z" name="Setup" finished-at="2022-03-19T04:12:01Z" duration-ms="3271" status="PASS">
          <params>
            <param index="0">
              <value>
                <![CDATA[public void testcases.LoginTest.LoginSuccessTest()]]>
              </value>
            </param>
          </params>
          <reporter-output>
          </reporter-output>
        </test-method> <!-- Setup -->
        <test-method signature="LoginSuccessTest()[pri:0, instance:testcases.LoginTest@5170bcf4]" started-at="2022-03-19T04:12:01Z" name="LoginSuccessTest" finished-at="2022-03-19T04:12:13Z" duration-ms="12038" status="PASS">
          <reporter-output>
          </reporter-output>
        </test-method> <!-- LoginSuccessTest -->
        <test-method is-config="true" signature="TearDown()[pri:0, instance:testcases.LoginTest@5170bcf4]" started-at="2022-03-19T04:12:13Z" name="TearDown" finished-at="2022-03-19T04:12:13Z" duration-ms="152" status="PASS">
          <reporter-output>
          </reporter-output>
        </test-method> <!-- TearDown -->
        <test-method is-config="true" signature="Setup(java.lang.reflect.Method)[pri:0, instance:testcases.LoginTest@5170bcf4]" started-at="2022-03-19T04:12:13Z" name="Setup" finished-at="2022-03-19T04:12:17Z" duration-ms="3507" status="PASS">
          <params>
            <param index="0">
              <value>
                <![CDATA[public void testcases.LoginTest.ParameterizedTest(java.lang.String,java.lang.String)]]>
              </value>
            </param>
          </params>
          <reporter-output>
          </reporter-output>
        </test-method> <!-- Setup -->
        <test-method signature="ParameterizedTest(java.lang.String, java.lang.String)[pri:0, instance:testcases.LoginTest@5170bcf4]" started-at="2022-03-19T04:12:17Z" name="ParameterizedTest" finished-at="2022-03-19T04:12:24Z" duration-ms="6574" status="PASS">
          <params>
            <param index="0">
              <value>
                <![CDATA[parameterizedtest@email.com]]>
              </value>
            </param>
            <param index="1">
              <value>
                <![CDATA[Abc@12345]]>
              </value>
            </param>
          </params>
          <reporter-output>
          </reporter-output>
        </test-method> <!-- ParameterizedTest -->
        <test-method is-config="true" signature="TearDown()[pri:0, instance:testcases.LoginTest@5170bcf4]" started-at="2022-03-19T04:12:24Z" name="TearDown" finished-at="2022-03-19T04:12:24Z" duration-ms="89" status="PASS">
          <reporter-output>
          </reporter-output>
        </test-method> <!-- TearDown -->
        <test-method is-config="true" signature="DataTeardown()[pri:0, instance:testcases.LoginTest@5170bcf4]" started-at="2022-03-19T04:12:24Z" name="DataTeardown" finished-at="2022-03-19T04:12:24Z" duration-ms="419" status="PASS">
          <reporter-output>
          </reporter-output>
        </test-method> <!-- DataTeardown -->
      </class> <!-- testcases.LoginTest -->
    </test> <!-- Test -->
  </suite> <!-- Suite -->
</testng-results>
