<?xml version="1.0" encoding="UTF-8"?>
<testng-results ignored="0" total="4" passed="4" failed="0" skipped="0">
  <reporter-output>
  </reporter-output>
  <suite started-at="2022-03-13T03:51:28Z" name="Suite" finished-at="2022-03-13T03:52:10Z" duration-ms="41978">
    <groups>
    </groups>
    <test started-at="2022-03-13T03:51:28Z" name="Test" finished-at="2022-03-13T03:52:10Z" duration-ms="41978">
      <class name="testcases.LoginTest">
        <test-method is-config="true" signature="DataSetUp()[pri:0, instance:testcases.LoginTest@3ba987b8]" started-at="2022-03-13T03:51:28Z" name="DataSetUp" finished-at="2022-03-13T03:51:29Z" duration-ms="1104" status="PASS">
          <reporter-output>
          </reporter-output>
        </test-method> <!-- DataSetUp -->
        <test-method is-config="true" signature="Setup(java.lang.reflect.Method)[pri:0, instance:testcases.LoginTest@3ba987b8]" started-at="2022-03-13T03:51:29Z" name="Setup" finished-at="2022-03-13T03:51:32Z" duration-ms="3115" status="PASS">
          <params>
            <param index="0">
              <value>
                <![CDATA[public void testcases.LoginTest.ExternalDataTest()]]>
              </value>
            </param>
          </params>
          <reporter-output>
          </reporter-output>
        </test-method> <!-- Setup -->
        <test-method signature="ExternalDataTest()[pri:0, instance:testcases.LoginTest@3ba987b8]" started-at="2022-03-13T03:51:32Z" name="ExternalDataTest" finished-at="2022-03-13T03:51:38Z" duration-ms="5936" status="PASS">
          <reporter-output>
          </reporter-output>
        </test-method> <!-- ExternalDataTest -->
        <test-method is-config="true" signature="TearDown()[pri:0, instance:testcases.LoginTest@3ba987b8]" started-at="2022-03-13T03:51:38Z" name="TearDown" finished-at="2022-03-13T03:51:38Z" duration-ms="98" status="PASS">
          <reporter-output>
          </reporter-output>
        </test-method> <!-- TearDown -->
        <test-method is-config="true" signature="Setup(java.lang.reflect.Method)[pri:0, instance:testcases.LoginTest@3ba987b8]" started-at="2022-03-13T03:51:38Z" name="Setup" finished-at="2022-03-13T03:51:42Z" duration-ms="3445" status="PASS">
          <params>
            <param index="0">
              <value>
                <![CDATA[public void testcases.LoginTest.LoginFailureTest()]]>
              </value>
            </param>
          </params>
          <reporter-output>
          </reporter-output>
        </test-method> <!-- Setup -->
        <test-method signature="LoginFailureTest()[pri:0, instance:testcases.LoginTest@3ba987b8]" started-at="2022-03-13T03:51:42Z" name="LoginFailureTest" finished-at="2022-03-13T03:51:48Z" duration-ms="6048" status="PASS">
          <reporter-output>
          </reporter-output>
        </test-method> <!-- LoginFailureTest -->
        <test-method is-config="true" signature="TearDown()[pri:0, instance:testcases.LoginTest@3ba987b8]" started-at="2022-03-13T03:51:48Z" name="TearDown" finished-at="2022-03-13T03:51:48Z" duration-ms="88" status="PASS">
          <reporter-output>
          </reporter-output>
        </test-method> <!-- TearDown -->
        <test-method is-config="true" signature="Setup(java.lang.reflect.Method)[pri:0, instance:testcases.LoginTest@3ba987b8]" started-at="2022-03-13T03:51:48Z" name="Setup" finished-at="2022-03-13T03:51:51Z" duration-ms="3136" status="PASS">
          <params>
            <param index="0">
              <value>
                <![CDATA[public void testcases.LoginTest.LoginSuccessTest()]]>
              </value>
            </param>
          </params>
          <reporter-output>
          </reporter-output>
        </test-method> <!-- Setup -->
        <test-method signature="LoginSuccessTest()[pri:0, instance:testcases.LoginTest@3ba987b8]" started-at="2022-03-13T03:51:51Z" name="LoginSuccessTest" finished-at="2022-03-13T03:52:01Z" duration-ms="9653" status="PASS">
          <reporter-output>
          </reporter-output>
        </test-method> <!-- LoginSuccessTest -->
        <test-method is-config="true" signature="TearDown()[pri:0, instance:testcases.LoginTest@3ba987b8]" started-at="2022-03-13T03:52:01Z" name="TearDown" finished-at="2022-03-13T03:52:01Z" duration-ms="201" status="PASS">
          <reporter-output>
          </reporter-output>
        </test-method> <!-- TearDown -->
        <test-method is-config="true" signature="Setup(java.lang.reflect.Method)[pri:0, instance:testcases.LoginTest@3ba987b8]" started-at="2022-03-13T03:52:01Z" name="Setup" finished-at="2022-03-13T03:52:04Z" duration-ms="3143" status="PASS">
          <params>
            <param index="0">
              <value>
                <![CDATA[public void testcases.LoginTest.ParameterizedTest(java.lang.String,java.lang.String)]]>
              </value>
            </param>
          </params>
          <reporter-output>
          </reporter-output>
        </test-method> <!-- Setup -->
        <test-method signature="ParameterizedTest(java.lang.String, java.lang.String)[pri:0, instance:testcases.LoginTest@3ba987b8]" started-at="2022-03-13T03:52:04Z" name="ParameterizedTest" finished-at="2022-03-13T03:52:09Z" duration-ms="5393" status="PASS">
          <params>
            <param index="0">
              <value>
                <![CDATA[parameterizedtest@email.com]]>
              </value>
            </param>
            <param index="1">
              <value>
                <![CDATA[Abc@12345]]>
              </value>
            </param>
          </params>
          <reporter-output>
          </reporter-output>
        </test-method> <!-- ParameterizedTest -->
        <test-method is-config="true" signature="TearDown()[pri:0, instance:testcases.LoginTest@3ba987b8]" started-at="2022-03-13T03:52:09Z" name="TearDown" finished-at="2022-03-13T03:52:10Z" duration-ms="112" status="PASS">
          <reporter-output>
          </reporter-output>
        </test-method> <!-- TearDown -->
        <test-method is-config="true" signature="DataTeardown()[pri:0, instance:testcases.LoginTest@3ba987b8]" started-at="2022-03-13T03:52:10Z" name="DataTeardown" finished-at="2022-03-13T03:52:10Z" duration-ms="472" status="PASS">
          <reporter-output>
          </reporter-output>
        </test-method> <!-- DataTeardown -->
      </class> <!-- testcases.LoginTest -->
    </test> <!-- Test -->
  </suite> <!-- Suite -->
</testng-results>
